\BOOKMARK [2][-]{subsection.0.1}{\376\377\000A\000\040\000M\000a\000c\000h\000i\000n\000e\000-\000V\000e\000r\000i\000f\000i\000e\000d\000\040\000F\000o\000r\000m\000a\000l\000i\000z\000a\000t\000i\000o\000n\000\040\000i\000n\000\040\000L\000e\000a\000n\000\040\0004}{}% 1
\BOOKMARK [2][-]{subsection.0.2}{\376\377\000I\000n\000t\000r\000o\000d\000u\000c\000t\000i\000o\000n}{}% 2
\BOOKMARK [1][-]{section.1}{\376\377\000P\000r\000e\000l\000i\000m\000i\000n\000a\000r\000i\000e\000s}{}% 3
\BOOKMARK [2][-]{subsubsection.1.0.1}{\376\377\000N\000o\000t\000a\000t\000i\000o\000n\000\040\000a\000n\000d\000\040\000D\000e\000f\000i\000n\000i\000t\000i\000o\000n\000s}{section.1}% 4
\BOOKMARK [3][-]{subsubsection.1.0.2}{\376\377\000K\000e\000y\000\040\000L\000e\000m\000m\000a\000s\000\040\000f\000r\000o\000m\000\040\000E\000l\000e\000m\000e\000n\000t\000a\000r\000y\000\040\000N\000u\000m\000b\000e\000r\000\040\000T\000h\000e\000o\000r\000y}{subsubsection.1.0.1}% 5
\BOOKMARK [1][-]{section.2}{\376\377\000T\000h\000e\000\040\0002\000-\000A\000d\000i\000c\000\040\000A\000r\000g\000u\000m\000e\000n\000t\000\040\040\024\000\040\000W\000h\000e\000r\000e\000\040\000t\000h\000e\000\040\000S\000e\000a\000r\000c\000h\000\040\000f\000o\000r\000\040\000a\000\040\000S\000i\000n\000g\000l\000e\000\040\000F\000a\000c\000t\000o\000r\000\040\000o\000f\000\040\0002\000\040\000B\000e\000c\000o\000m\000e\000s\000\040\000a\000\040\000C\000o\000u\000n\000t\000i\000n\000g\000\040\000P\000r\000o\000b\000l\000e\000m}{}% 6
\BOOKMARK [2][-]{subsubsection.2.0.1}{\376\377\000V\000a\000l\000u\000a\000t\000i\000o\000n\000\040\000o\000f\000\040\000\050\000p\000a\000\051\000\040\000f\000o\000r\000\040\000O\000d\000d\000\040\000P\000r\000i\000m\000e\000s}{section.2}% 7
\BOOKMARK [1][-]{section.3}{\376\377\000E\000u\000l\000e\000r\000'\000s\000\040\000T\000h\000e\000o\000r\000e\000m\000\040\040\024\000\040\000T\000h\000e\000\040\000A\000r\000g\000u\000m\000e\000n\000t\000\040\000T\000h\000a\000t\000\040\000A\000l\000m\000o\000s\000t\000\040\000P\000r\000o\000v\000e\000s\000\040\000T\000o\000o\000\040\000M\000u\000c\000h}{}% 8
\BOOKMARK [2][-]{subsubsection.3.0.1}{\376\377\000P\000r\000o\000o\000f\000\040\000S\000t\000r\000a\000t\000e\000g\000y}{section.3}% 9
\BOOKMARK [3][-]{subsubsection.3.0.2}{\376\377\000F\000o\000r\000m\000a\000l\000i\000z\000a\000t\000i\000o\000n\000\040\000D\000e\000t\000a\000i\000l\000s}{subsubsection.3.0.1}% 10
\BOOKMARK [1][-]{section.4}{\376\377\000T\000o\000u\000c\000h\000a\000r\000d\000'\000s\000\040\000C\000o\000n\000g\000r\000u\000e\000n\000c\000e\000\040\040\024\000\040\000W\000h\000e\000n\000\040\0003\000\040\000E\000n\000t\000e\000r\000s\000\040\000t\000h\000e\000\040\000P\000i\000c\000t\000u\000r\000e}{}% 11
\BOOKMARK [2][-]{subsubsection.4.0.1}{\376\377\000P\000r\000o\000o\000f\000\040\000S\000t\000r\000a\000t\000e\000g\000y}{section.4}% 12
\BOOKMARK [3][-]{subsubsection.4.0.2}{\376\377\000F\000o\000r\000m\000a\000l\000\040\000P\000r\000o\000o\000f\000\040\000S\000t\000r\000u\000c\000t\000u\000r\000e}{subsubsection.4.0.1}% 13
\BOOKMARK [1][-]{section.5}{\376\377\000V\000e\000r\000i\000f\000i\000c\000a\000t\000i\000o\000n\000\040\000A\000r\000c\000h\000i\000t\000e\000c\000t\000u\000r\000e}{}% 14
\BOOKMARK [2][-]{subsubsection.5.0.1}{\376\377\000L\000a\000y\000e\000r\000\040\0001\000:\000\040\000A\000r\000i\000t\000h\000m\000e\000t\000i\000c\000\040\000H\000e\000l\000p\000e\000r\000s\000\040\000\050\000p\000r\000i\000v\000a\000t\000e\000\040\000l\000e\000m\000m\000a\000s\000\051}{section.5}% 15
\BOOKMARK [3][-]{subsubsection.5.0.2}{\376\377\000L\000a\000y\000e\000r\000\040\0002\000:\000\040\0002\000-\000a\000d\000i\000c\000\040\000V\000a\000l\000u\000a\000t\000i\000o\000n\000\040\000\050\000v\0002\000\051}{subsubsection.5.0.1}% 16
\BOOKMARK [3][-]{subsubsection.5.0.3}{\376\377\000L\000a\000y\000e\000r\000\040\0003\000:\000\040\000V\000a\000l\000u\000a\000t\000i\000o\000n\000\040\000o\000f\000\040\000\050\000p\000a\000\051}{subsubsection.5.0.1}% 17
\BOOKMARK [3][-]{subsubsection.5.0.4}{\376\377\000L\000a\000y\000e\000r\000\040\0004\000:\000\040\000E\000u\000l\000e\000r\000'\000s\000\040\000T\000h\000e\000o\000r\000e\000m}{subsubsection.5.0.1}% 18
\BOOKMARK [3][-]{subsubsection.5.0.5}{\376\377\000L\000a\000y\000e\000r\000\040\0005\000:\000\040\000T\000o\000u\000c\000h\000a\000r\000d\000'\000s\000\040\000C\000o\000n\000g\000r\000u\000e\000n\000c\000e}{subsubsection.5.0.1}% 19
\BOOKMARK [2][-]{subsection.5.1}{\376\377\000D\000i\000s\000c\000u\000s\000s\000i\000o\000n\000\040\040\024\000\040\000W\000h\000a\000t\000\040\000t\000h\000e\000\040\000F\000o\000r\000m\000a\000l\000i\000z\000a\000t\000i\000o\000n\000\040\000D\000o\000e\000s\000\040\000N\000o\000t\000\040\000P\000r\000o\000v\000e}{section.5}% 20
\BOOKMARK [3][-]{subsubsection.5.1.1}{\376\377\000H\000i\000s\000t\000o\000r\000i\000c\000a\000l\000\040\000C\000o\000n\000t\000e\000x\000t}{subsection.5.1}% 21
\BOOKMARK [1][-]{section.6}{\376\377\000D\000e\000p\000e\000n\000d\000e\000n\000c\000i\000e\000s\000\040\000a\000n\000d\000\040\000A\000s\000s\000u\000m\000p\000t\000i\000o\000n\000s}{}% 22
\BOOKMARK [2][-]{subsubsection.6.0.1}{\376\377\000W\000h\000a\000t\000\040\000R\000e\000m\000a\000i\000n\000s\000\040\000O\000p\000e\000n}{section.6}% 23
\BOOKMARK [3][-]{subsubsection.6.0.2}{\376\377\000A\000n\000\040\000O\000b\000j\000e\000c\000t\000i\000o\000n}{subsubsection.6.0.1}% 24
\BOOKMARK [2][-]{subsection.6.1}{\376\377\000C\000o\000n\000c\000l\000u\000s\000i\000o\000n\000\040\040\024\000\040\000T\000h\000e\000\040\000L\000o\000o\000p\000\040\000T\000h\000a\000t\000\040\000D\000o\000e\000s\000\040\000N\000o\000t\000\040\000C\000l\000o\000s\000e}{section.6}% 25
\BOOKMARK [2][-]{subsection.6.2}{\376\377\000R\000e\000f\000e\000r\000e\000n\000c\000e\000s}{section.6}% 26
